-outxml
-source
1.6
-target
1.6
-classpath
/root/.m2/repository/org/springframework/spring-context/3.1.2.RELEASE/spring-context-3.1.2.RELEASE.jar:/root/.m2/repository/org/springframework/spring-jdbc/3.1.2.RELEASE/spring-jdbc-3.1.2.RELEASE.jar:/root/.m2/repository/org/springframework/spring-webmvc/3.1.2.RELEASE/spring-webmvc-3.1.2.RELEASE.jar:/root/.m2/repository/org/springframework/security/spring-security-core/3.1.0.RELEASE/spring-security-core-3.1.0.RELEASE.jar:/root/.m2/repository/org/springframework/security/spring-security-web/3.1.0.RELEASE/spring-security-web-3.1.0.RELEASE.jar:/root/.m2/repository/org/springframework/security/spring-security-taglibs/3.1.0.RELEASE/spring-security-taglibs-3.1.0.RELEASE.jar:/root/.m2/repository/org/springframework/security/spring-security-config/3.1.0.RELEASE/spring-security-config-3.1.0.RELEASE.jar:/root/.m2/repository/org/springframework/security/oauth/spring-security-oauth2/1.0.0.RC2/spring-security-oauth2-1.0.0.RC2.jar:/root/.m2/repository/org/springframework/integration/spring-integration-core/2.1.3.RELEASE/spring-integration-core-2.1.3.RELEASE.jar:/root/.m2/repository/org/springframework/integration/spring-integration-http/2.1.3.RELEASE/spring-integration-http-2.1.3.RELEASE.jar:/root/.m2/repository/org/springframework/integration/spring-integration-mail/2.1.3.RELEASE/spring-integration-mail-2.1.3.RELEASE.jar:/root/.m2/repository/org/springframework/integration/spring-integration-event/2.1.3.RELEASE/spring-integration-event-2.1.3.RELEASE.jar:/root/.m2/repository/org/springframework/mobile/spring-mobile-device/1.0.0.RELEASE/spring-mobile-device-1.0.0.RELEASE.jar:/root/.m2/repository/org/springframework/social/spring-social-core/1.0.2.RELEASE/spring-social-core-1.0.2.RELEASE.jar:/root/.m2/repository/org/springframework/social/spring-social-web/1.0.2.RELEASE/spring-social-web-1.0.2.RELEASE.jar:/root/.m2/repository/org/springframework/social/spring-social-facebook/1.0.1.RELEASE/spring-social-facebook-1.0.1.RELEASE.jar:/root/.m2/repository/org/springframework/social/spring-social-facebook-web/1.0.1.RELEASE/spring-social-facebook-web-1.0.1.RELEASE.jar:/root/.m2/repository/org/springframework/social/spring-social-twitter/1.0.2.RELEASE/spring-social-twitter-1.0.2.RELEASE.jar:/root/.m2/repository/org/springframework/social/spring-social-linkedin/1.0.0.RC1/spring-social-linkedin-1.0.0.RC1.jar:/root/.m2/repository/org/springframework/social/spring-social-tripit/1.0.0.M3/spring-social-tripit-1.0.0.M3.jar:/root/.m2/repository/org/aspectj/aspectjrt/1.6.11/aspectjrt-1.6.11.jar:/root/.m2/repository/org/springframework/spring-aspects/3.1.2.RELEASE/spring-aspects-3.1.2.RELEASE.jar:/root/.m2/repository/javax/persistence/persistence-api/1.0/persistence-api-1.0.jar:/root/.m2/repository/cglib/cglib-nodep/2.2/cglib-nodep-2.2.jar:/root/.m2/repository/javax/inject/javax.inject/1/javax.inject-1.jar:/root/.m2/repository/org/slf4j/slf4j-api/1.6.2/slf4j-api-1.6.2.jar:/root/.m2/repository/org/slf4j/jcl-over-slf4j/1.6.2/jcl-over-slf4j-1.6.2.jar:/root/.m2/repository/org/slf4j/slf4j-log4j12/1.6.2/slf4j-log4j12-1.6.2.jar:/root/.m2/repository/log4j/log4j/1.2.16/log4j-1.2.16.jar:/root/.m2/repository/com/h2database/h2/1.3.160/h2-1.3.160.jar:/root/.m2/repository/com/google/guava/guava/10.0.1/guava-10.0.1.jar:/root/.m2/repository/org/apache/httpcomponents/httpclient/4.1.2/httpclient-4.1.2.jar:/root/.m2/repository/javax/mail/mail/1.4.1/mail-1.4.1.jar:/root/.m2/repository/org/antlr/stringtemplate/3.2.1/stringtemplate-3.2.1.jar:/root/.m2/repository/javax/servlet/servlet-api/2.5/servlet-api-2.5.jar:/root/.m2/repository/javax/servlet/jsp/jsp-api/2.1/jsp-api-2.1.jar:/root/.m2/repository/javax/servlet/jsp/jstl/jstl-api/1.2/jstl-api-1.2.jar:/root/.m2/repository/org/glassfish/web/jstl-impl/1.2/jstl-impl-1.2.jar:/root/.m2/repository/org/apache/tiles/tiles-jsp/2.2.2/tiles-jsp-2.2.2.jar:/root/.m2/repository/org/apache/tiles/tiles-el/2.2.2/tiles-el-2.2.2.jar:/root/.m2/repository/javax/validation/validation-api/1.0.0.GA/validation-api-1.0.0.GA.jar:/root/.m2/repository/org/hibernate/hibernate-validator/4.2.0.Final/hibernate-validator-4.2.0.Final.jar:/root/.m2/repository/joda-time/joda-time/2.0/joda-time-2.0.jar:/root/.m2/repository/joda-time/joda-time-jsptags/1.1/joda-time-jsptags-1.1.jar:/root/.m2/repository/org/codehaus/jackson/jackson-mapper-asl/1.9.9/jackson-mapper-asl-1.9.9.jar:/root/.m2/repository/commons-fileupload/commons-fileupload/1.2.2/commons-fileupload-1.2.2.jar:/root/.m2/repository/commons-io/commons-io/1.4/commons-io-1.4.jar:/root/.m2/repository/net/java/dev/jets3t/jets3t/0.8.1/jets3t-0.8.1.jar:/root/.m2/repository/org/springframework/data/spring-data-redis/1.0.0.RC1/spring-data-redis-1.0.0.RC1.jar:/root/.m2/repository/redis/clients/jedis/2.0.0/jedis-2.0.0.jar:/root/.m2/repository/junit/junit-dep/4.10/junit-dep-4.10.jar:/root/.m2/repository/org/hamcrest/hamcrest-library/1.3/hamcrest-library-1.3.jar:/root/.m2/repository/org/springframework/spring-test/3.1.2.RELEASE/spring-test-3.1.2.RELEASE.jar:/root/.m2/repository/org/springframework/spring-test-mvc/1.0.0.M1/spring-test-mvc-1.0.0.M1.jar:/root/.m2/repository/org/mockito/mockito-core/1.9.0/mockito-core-1.9.0.jar:/root/.m2/repository/net/sf/opencsv/opencsv/2.3/opencsv-2.3.jar:/root/.m2/repository/com/jayway/jsonpath/json-path/0.5.5/json-path-0.5.5.jar:/root/.m2/repository/org/springframework/spring-aop/3.1.2.RELEASE/spring-aop-3.1.2.RELEASE.jar:/root/.m2/repository/org/springframework/spring-beans/3.1.2.RELEASE/spring-beans-3.1.2.RELEASE.jar:/root/.m2/repository/org/springframework/spring-core/3.1.2.RELEASE/spring-core-3.1.2.RELEASE.jar:/root/.m2/repository/org/springframework/spring-expression/3.1.2.RELEASE/spring-expression-3.1.2.RELEASE.jar:/root/.m2/repository/org/springframework/spring-asm/3.1.2.RELEASE/spring-asm-3.1.2.RELEASE.jar:/root/.m2/repository/org/springframework/spring-tx/3.1.2.RELEASE/spring-tx-3.1.2.RELEASE.jar:/root/.m2/repository/org/springframework/spring-context-support/3.1.2.RELEASE/spring-context-support-3.1.2.RELEASE.jar:/root/.m2/repository/org/springframework/spring-web/3.1.2.RELEASE/spring-web-3.1.2.RELEASE.jar:/root/.m2/repository/aopalliance/aopalliance/1.0/aopalliance-1.0.jar:/root/.m2/repository/org/springframework/security/spring-security-crypto/3.1.0.RELEASE/spring-security-crypto-3.1.0.RELEASE.jar:/root/.m2/repository/org/springframework/security/spring-security-acl/3.1.0.RELEASE/spring-security-acl-3.1.0.RELEASE.jar:/root/.m2/repository/commons-codec/commons-codec/1.3/commons-codec-1.3.jar:/root/.m2/repository/com/google/code/findbugs/jsr305/1.3.9/jsr305-1.3.9.jar:/root/.m2/repository/org/apache/httpcomponents/httpcore/4.1.2/httpcore-4.1.2.jar:/root/.m2/repository/javax/activation/activation/1.1/activation-1.1.jar:/root/.m2/repository/antlr/antlr/2.7.7/antlr-2.7.7.jar:/root/.m2/repository/org/apache/tiles/tiles-servlet/2.2.2/tiles-servlet-2.2.2.jar:/root/.m2/repository/org/apache/tiles/tiles-template/2.2.2/tiles-template-2.2.2.jar:/root/.m2/repository/org/apache/tiles/tiles-api/2.2.2/tiles-api-2.2.2.jar:/root/.m2/repository/org/apache/tiles/tiles-core/2.2.2/tiles-core-2.2.2.jar:/root/.m2/repository/commons-digester/commons-digester/2.0/commons-digester-2.0.jar:/root/.m2/repository/commons-beanutils/commons-beanutils/1.8.0/commons-beanutils-1.8.0.jar:/root/.m2/repository/org/codehaus/jackson/jackson-core-asl/1.9.9/jackson-core-asl-1.9.9.jar:/root/.m2/repository/commons-httpclient/commons-httpclient/3.1/commons-httpclient-3.1.jar:/root/.m2/repository/com/jamesmurty/utils/java-xmlbuilder/0.4/java-xmlbuilder-0.4.jar:/root/.m2/repository/commons-pool/commons-pool/1.5.5/commons-pool-1.5.5.jar:/root/jenkins-demo/target/classes
-aspectpath
/root/.m2/repository/org/springframework/spring-aspects/3.1.2.RELEASE/spring-aspects-3.1.2.RELEASE.jar
-d
/root/jenkins-demo/target/classes
/root/jenkins-demo/src/main/java/com/springsource/greenhouse/config/KeyValueConfig.java
/root/jenkins-demo/src/main/java/com/springsource/greenhouse/config/SecurityConfig.java
/root/jenkins-demo/src/main/java/com/springsource/greenhouse/config/IntegrationConfig.java
/root/jenkins-demo/src/main/java/com/springsource/greenhouse/config/SocialConfig.java
/root/jenkins-demo/src/main/java/com/springsource/greenhouse/config/DataConfig.java
/root/jenkins-demo/src/main/java/com/springsource/greenhouse/config/MailConfig.java
/root/jenkins-demo/src/main/java/com/springsource/greenhouse/config/TaskConfig.java
/root/jenkins-demo/src/main/java/com/springsource/greenhouse/config/ComponentConfig.java
/root/jenkins-demo/src/main/java/com/springsource/greenhouse/config/package-info.java
/root/jenkins-demo/src/main/java/com/springsource/greenhouse/config/WebConfig.java
/root/jenkins-demo/src/main/java/com/springsource/greenhouse/config/FileStoreConfig.java
/root/jenkins-demo/src/main/java/com/springsource/greenhouse/account/GreenhousePasswordEncoder.java
/root/jenkins-demo/src/main/java/com/springsource/greenhouse/account/Account.java
/root/jenkins-demo/src/main/java/com/springsource/greenhouse/account/SignInNotFoundException.java
/root/jenkins-demo/src/main/java/com/springsource/greenhouse/account/Person.java
/root/jenkins-demo/src/main/java/com/springsource/greenhouse/account/ProfileReference.java
/root/jenkins-demo/src/main/java/com/springsource/greenhouse/account/EmailAlreadyOnFileException.java
/root/jenkins-demo/src/main/java/com/springsource/greenhouse/account/AccountException.java
/root/jenkins-demo/src/main/java/com/springsource/greenhouse/account/AccountMapper.java
/root/jenkins-demo/src/main/java/com/springsource/greenhouse/account/Gender.java
/root/jenkins-demo/src/main/java/com/springsource/greenhouse/account/UsernamePasswordAuthenticationProvider.java
/root/jenkins-demo/src/main/java/com/springsource/greenhouse/account/package-info.java
/root/jenkins-demo/src/main/java/com/springsource/greenhouse/account/PictureUrlMapper.java
/root/jenkins-demo/src/main/java/com/springsource/greenhouse/account/AccountRepository.java
/root/jenkins-demo/src/main/java/com/springsource/greenhouse/account/PictureUrlFactory.java
/root/jenkins-demo/src/main/java/com/springsource/greenhouse/account/JdbcAccountRepository.java
/root/jenkins-demo/src/main/java/com/springsource/greenhouse/account/AccountUtils.java
/root/jenkins-demo/src/main/java/com/springsource/greenhouse/account/InvalidPasswordException.java
/root/jenkins-demo/src/main/java/com/springsource/greenhouse/account/PictureSize.java
/root/jenkins-demo/src/main/java/com/springsource/greenhouse/activity/badge/BadgeSystem.java
/root/jenkins-demo/src/main/java/com/springsource/greenhouse/activity/badge/JdbcBadgeRepository.java
/root/jenkins-demo/src/main/java/com/springsource/greenhouse/activity/badge/StandardBadgeSystem.java
/root/jenkins-demo/src/main/java/com/springsource/greenhouse/activity/badge/BadgeRepository.java
/root/jenkins-demo/src/main/java/com/springsource/greenhouse/activity/badge/BadgeSystemFactoryBean.java
/root/jenkins-demo/src/main/java/com/springsource/greenhouse/activity/badge/SimpleBadgeAwarder.java
/root/jenkins-demo/src/main/java/com/springsource/greenhouse/activity/badge/package-info.java
/root/jenkins-demo/src/main/java/com/springsource/greenhouse/activity/badge/BadgeAwarder.java
/root/jenkins-demo/src/main/java/com/springsource/greenhouse/activity/badge/AwardedBadge.java
/root/jenkins-demo/src/main/java/com/springsource/greenhouse/activity/action/ActionRepository.java
/root/jenkins-demo/src/main/java/com/springsource/greenhouse/activity/action/ActionGateway.java
/root/jenkins-demo/src/main/java/com/springsource/greenhouse/activity/action/SimpleAction.java
/root/jenkins-demo/src/main/java/com/springsource/greenhouse/activity/action/package-info.java
/root/jenkins-demo/src/main/java/com/springsource/greenhouse/activity/action/Action.java
/root/jenkins-demo/src/main/java/com/springsource/greenhouse/activity/action/ActionFactory.java
/root/jenkins-demo/src/main/java/com/springsource/greenhouse/activity/action/JdbcActionRepository.java
/root/jenkins-demo/src/main/java/com/springsource/greenhouse/invite/JdbcInviteRepository.java
/root/jenkins-demo/src/main/java/com/springsource/greenhouse/invite/InviteAlreadyAcceptedException.java
/root/jenkins-demo/src/main/java/com/springsource/greenhouse/invite/NoSuchInviteException.java
/root/jenkins-demo/src/main/java/com/springsource/greenhouse/invite/mail/AsyncMailInviteService.java
/root/jenkins-demo/src/main/java/com/springsource/greenhouse/invite/mail/MailInviteService.java
/root/jenkins-demo/src/main/java/com/springsource/greenhouse/invite/mail/package-info.java
/root/jenkins-demo/src/main/java/com/springsource/greenhouse/invite/mail/MailInviteForm.java
/root/jenkins-demo/src/main/java/com/springsource/greenhouse/invite/mail/MailInviteController.java
/root/jenkins-demo/src/main/java/com/springsource/greenhouse/invite/InviteAcceptAction.java
/root/jenkins-demo/src/main/java/com/springsource/greenhouse/invite/FacebookInviteController.java
/root/jenkins-demo/src/main/java/com/springsource/greenhouse/invite/Invite.java
/root/jenkins-demo/src/main/java/com/springsource/greenhouse/invite/TwitterInviteController.java
/root/jenkins-demo/src/main/java/com/springsource/greenhouse/invite/package-info.java
/root/jenkins-demo/src/main/java/com/springsource/greenhouse/invite/InviteRepository.java
/root/jenkins-demo/src/main/java/com/springsource/greenhouse/invite/Invitee.java
/root/jenkins-demo/src/main/java/com/springsource/greenhouse/invite/InviteController.java
/root/jenkins-demo/src/main/java/com/springsource/greenhouse/invite/InviteException.java
/root/jenkins-demo/src/main/java/com/springsource/greenhouse/signup/SignedUpGateway.java
/root/jenkins-demo/src/main/java/com/springsource/greenhouse/signup/SignupHelper.java
/root/jenkins-demo/src/main/java/com/springsource/greenhouse/signup/SignupFormDeserializers.java
/root/jenkins-demo/src/main/java/com/springsource/greenhouse/signup/package-info.java
/root/jenkins-demo/src/main/java/com/springsource/greenhouse/signup/SignupController.java
/root/jenkins-demo/src/main/java/com/springsource/greenhouse/signup/WelcomeMailTransformer.java
/root/jenkins-demo/src/main/java/com/springsource/greenhouse/signup/SignupForm.java
/root/jenkins-demo/src/main/java/com/springsource/greenhouse/members/MembersController.java
/root/jenkins-demo/src/main/java/com/springsource/greenhouse/members/Profile.java
/root/jenkins-demo/src/main/java/com/springsource/greenhouse/members/FileStorageProfilePictureService.java
/root/jenkins-demo/src/main/java/com/springsource/greenhouse/members/ProfilePictureService.java
/root/jenkins-demo/src/main/java/com/springsource/greenhouse/members/JdbcProfileRepository.java
/root/jenkins-demo/src/main/java/com/springsource/greenhouse/members/package-info.java
/root/jenkins-demo/src/main/java/com/springsource/greenhouse/members/ProfileRepository.java
/root/jenkins-demo/src/main/java/com/springsource/greenhouse/members/ConnectedProfile.java
/root/jenkins-demo/src/main/java/com/springsource/greenhouse/utils/ImageUtils.java
/root/jenkins-demo/src/main/java/com/springsource/greenhouse/utils/Message.java
/root/jenkins-demo/src/main/java/com/springsource/greenhouse/utils/GeoLocation.java
/root/jenkins-demo/src/main/java/com/springsource/greenhouse/utils/Location.java
/root/jenkins-demo/src/main/java/com/springsource/greenhouse/utils/SlugUtils.java
/root/jenkins-demo/src/main/java/com/springsource/greenhouse/utils/EmailUtils.java
/root/jenkins-demo/src/main/java/com/springsource/greenhouse/utils/SubResourceReference.java
/root/jenkins-demo/src/main/java/com/springsource/greenhouse/utils/package-info.java
/root/jenkins-demo/src/main/java/com/springsource/greenhouse/utils/VisualResourceReference.java
/root/jenkins-demo/src/main/java/com/springsource/greenhouse/utils/ResourceReference.java
/root/jenkins-demo/src/main/java/com/springsource/greenhouse/utils/MessageType.java
/root/jenkins-demo/src/main/java/com/springsource/greenhouse/database/upgrade/v3/UpdateEncryptionMethod.java
/root/jenkins-demo/src/main/java/com/springsource/greenhouse/database/upgrade/v3/CipherUtils.java
/root/jenkins-demo/src/main/java/com/springsource/greenhouse/database/DatabaseUpgrader.java
/root/jenkins-demo/src/main/java/com/springsource/greenhouse/develop/AppSummary.java
/root/jenkins-demo/src/main/java/com/springsource/greenhouse/develop/App.java
/root/jenkins-demo/src/main/java/com/springsource/greenhouse/develop/AppController.java
/root/jenkins-demo/src/main/java/com/springsource/greenhouse/develop/InvalidApiKeyException.java
/root/jenkins-demo/src/main/java/com/springsource/greenhouse/develop/JdbcAppRepository.java
/root/jenkins-demo/src/main/java/com/springsource/greenhouse/develop/package-info.java
/root/jenkins-demo/src/main/java/com/springsource/greenhouse/develop/AppForm.java
/root/jenkins-demo/src/main/java/com/springsource/greenhouse/develop/oauth/InvalidRequestTokenException.java
/root/jenkins-demo/src/main/java/com/springsource/greenhouse/develop/oauth/ConfirmAccessController.java
/root/jenkins-demo/src/main/java/com/springsource/greenhouse/develop/oauth/package-info.java
/root/jenkins-demo/src/main/java/com/springsource/greenhouse/develop/oauth/AppClientDetailsService.java
/root/jenkins-demo/src/main/java/com/springsource/greenhouse/develop/AppConnection.java
/root/jenkins-demo/src/main/java/com/springsource/greenhouse/develop/AppRepository.java
/root/jenkins-demo/src/main/java/com/springsource/greenhouse/develop/NoSuchAccountConnectionException.java
/root/jenkins-demo/src/main/java/com/springsource/greenhouse/develop/InvalidAccessTokenException.java
/root/jenkins-demo/src/main/java/com/springsource/greenhouse/settings/package-info.java
/root/jenkins-demo/src/main/java/com/springsource/greenhouse/settings/SettingsController.java
/root/jenkins-demo/src/main/java/com/springsource/greenhouse/connect/FacebookConnectInterceptor.java
/root/jenkins-demo/src/main/java/com/springsource/greenhouse/connect/TwitterConnectInterceptor.java
/root/jenkins-demo/src/main/java/com/springsource/greenhouse/connect/package-info.java
/root/jenkins-demo/src/main/java/com/springsource/greenhouse/connect/AccountSignInAdapter.java
/root/jenkins-demo/src/main/java/com/springsource/greenhouse/groups/GroupRepository.java
/root/jenkins-demo/src/main/java/com/springsource/greenhouse/groups/JdbcGroupRepository.java
/root/jenkins-demo/src/main/java/com/springsource/greenhouse/groups/package-info.java
/root/jenkins-demo/src/main/java/com/springsource/greenhouse/groups/GroupsController.java
/root/jenkins-demo/src/main/java/com/springsource/greenhouse/groups/Group.java
/root/jenkins-demo/src/main/java/com/springsource/greenhouse/home/GlobalExceptionResolver.java
/root/jenkins-demo/src/main/java/com/springsource/greenhouse/home/DateTimeZoneHandlerInterceptor.java
/root/jenkins-demo/src/main/java/com/springsource/greenhouse/home/UserLocationHandlerInterceptor.java
/root/jenkins-demo/src/main/java/com/springsource/greenhouse/home/package-info.java
/root/jenkins-demo/src/main/java/com/springsource/greenhouse/home/HomeController.java
/root/jenkins-demo/src/main/java/com/springsource/greenhouse/signin/AccountExposingHandlerInterceptor.java
/root/jenkins-demo/src/main/java/com/springsource/greenhouse/signin/package-info.java
/root/jenkins-demo/src/main/java/com/springsource/greenhouse/signin/SigninController.java
/root/jenkins-demo/src/main/java/com/springsource/greenhouse/reset/ResetPasswordService.java
/root/jenkins-demo/src/main/java/com/springsource/greenhouse/reset/JdbcRestPasswordService.java
/root/jenkins-demo/src/main/java/com/springsource/greenhouse/reset/ResetPasswordMailMessageConverter.java
/root/jenkins-demo/src/main/java/com/springsource/greenhouse/reset/ResetPasswordController.java
/root/jenkins-demo/src/main/java/com/springsource/greenhouse/reset/ResetPasswordRequest.java
/root/jenkins-demo/src/main/java/com/springsource/greenhouse/reset/package-info.java
/root/jenkins-demo/src/main/java/com/springsource/greenhouse/reset/InvalidResetTokenException.java
/root/jenkins-demo/src/main/java/com/springsource/greenhouse/reset/AsyncResetPasswordMailer.java
/root/jenkins-demo/src/main/java/com/springsource/greenhouse/reset/ChangePasswordForm.java
/root/jenkins-demo/src/main/java/com/springsource/greenhouse/reset/ResetPasswordMailer.java
/root/jenkins-demo/src/main/java/com/springsource/greenhouse/validation/ConfirmValidator.java
/root/jenkins-demo/src/main/java/com/springsource/greenhouse/validation/Confirm.java
/root/jenkins-demo/src/main/java/com/springsource/greenhouse/validation/package-info.java
/root/jenkins-demo/src/main/java/com/springsource/greenhouse/events/JdbcEventRepository.java
/root/jenkins-demo/src/main/java/com/springsource/greenhouse/events/EventSession.java
/root/jenkins-demo/src/main/java/com/springsource/greenhouse/events/EventRepository.java
/root/jenkins-demo/src/main/java/com/springsource/greenhouse/events/Rating.java
/root/jenkins-demo/src/main/java/com/springsource/greenhouse/events/RatingPeriodClosedException.java
/root/jenkins-demo/src/main/java/com/springsource/greenhouse/events/package-info.java
/root/jenkins-demo/src/main/java/com/springsource/greenhouse/events/load/EventData.java
/root/jenkins-demo/src/main/java/com/springsource/greenhouse/events/load/LeaderData.java
/root/jenkins-demo/src/main/java/com/springsource/greenhouse/events/load/EventSessionData.java
/root/jenkins-demo/src/main/java/com/springsource/greenhouse/events/load/JdbcEventLoaderRepository.java
/root/jenkins-demo/src/main/java/com/springsource/greenhouse/events/load/NFJSLoader.java
/root/jenkins-demo/src/main/java/com/springsource/greenhouse/events/load/EventLoaderRepository.java
/root/jenkins-demo/src/main/java/com/springsource/greenhouse/events/load/VenueData.java
/root/jenkins-demo/src/main/java/com/springsource/greenhouse/events/load/TimeSlotData.java
/root/jenkins-demo/src/main/java/com/springsource/greenhouse/events/load/EventLoadController.java
/root/jenkins-demo/src/main/java/com/springsource/greenhouse/events/EventSessionLeader.java
/root/jenkins-demo/src/main/java/com/springsource/greenhouse/events/Venue.java
/root/jenkins-demo/src/main/java/com/springsource/greenhouse/events/Event.java
/root/jenkins-demo/src/main/java/com/springsource/greenhouse/events/EventsController.java
/root/jenkins-demo/src/main/java/org/springframework/model/FieldModel.java
/root/jenkins-demo/src/main/java/org/springframework/model/package-info.java
/root/jenkins-demo/src/main/java/org/springframework/templating/StringTemplateFactory.java
/root/jenkins-demo/src/main/java/org/springframework/templating/LocalStringTemplate.java
/root/jenkins-demo/src/main/java/org/springframework/templating/StringTemplate.java
/root/jenkins-demo/src/main/java/org/springframework/templating/StringTemplateLoader.java
/root/jenkins-demo/src/main/java/org/springframework/templating/StandardStringTemplateLoader.java
/root/jenkins-demo/src/main/java/org/springframework/templating/package-info.java
/root/jenkins-demo/src/main/java/org/springframework/templating/DelegatingStringTemplate.java
/root/jenkins-demo/src/main/java/org/springframework/templating/ResourceStringTemplateFactory.java
/root/jenkins-demo/src/main/java/org/springframework/data/LocalFileStorage.java
/root/jenkins-demo/src/main/java/org/springframework/data/S3FileStorage.java
/root/jenkins-demo/src/main/java/org/springframework/data/package-info.java
/root/jenkins-demo/src/main/java/org/springframework/data/FileStorage.java
/root/jenkins-demo/src/main/java/org/springframework/data/FileData.java
/root/jenkins-demo/src/main/java/org/springframework/jdbc/versioned/GenericDatabaseUpgrader.java
/root/jenkins-demo/src/main/java/org/springframework/jdbc/versioned/DatabaseVersion.java
/root/jenkins-demo/src/main/java/org/springframework/jdbc/versioned/AbstractDatabaseChange.java
/root/jenkins-demo/src/main/java/org/springframework/jdbc/versioned/SqlDatabaseChange.java
/root/jenkins-demo/src/main/java/org/springframework/jdbc/versioned/DatabaseChangeSet.java
/root/jenkins-demo/src/main/java/org/springframework/jdbc/versioned/package-info.java
/root/jenkins-demo/src/main/java/org/springframework/jdbc/versioned/DatabaseChange.java
/root/jenkins-demo/src/main/java/org/springframework/jdbc/versioned/DatabaseUpgrader.java
/root/jenkins-demo/src/main/java/org/springframework/jdbc/core/JoinRowMapper.java
/root/jenkins-demo/src/main/java/org/springframework/jdbc/core/package-info.java
/root/jenkins-demo/src/main/java/org/springframework/social/mobile/device/DeviceHandlerMethodArgumentResolver.java
/root/jenkins-demo/src/main/java/org/springframework/social/mobile/device/package-info.java
/root/jenkins-demo/src/main/java/org/springframework/social/facebook/web/FacebookHandlerMethodArgumentResolver.java
/root/jenkins-demo/src/main/java/org/springframework/social/facebook/web/package-info.java
